<?xml version="1.0" encoding="UTF-8"?>
<testsuite xmlns:xsi="http://www.w3.org/2001/XMLSchema-instance" xsi:noNamespaceSchemaLocation="https://maven.apache.org/surefire/maven-surefire-plugin/xsd/surefire-test-report-3.0.xsd" version="3.0" name="com.yourcompany.app.model.PostingTest" time="0.093" tests="7" errors="0" skipped="0" failures="0">
  <properties>
[...]
</properties>
  <testcase name="writeDescription" classname="com.yourcompany.app.model.PostingTest" time="0.036"/>
  <testcase name="addRole" classname="com.yourcompany.app.model.PostingTest" time="0.003"/>
  <testcase name="addUser" classname="com.yourcompany.app.model.PostingTest" time="0.002"/>
  <testcase name="setStatusFound" classname="com.yourcompany.app.model.PostingTest" time="0.0"/>
  <testcase name="setStatusInCommunication" classname="com.yourcompany.app.model.PostingTest" time="0.001"/>
  <testcase name="setStatusSearching" classname="com.yourcompany.app.model.PostingTest" time="0.001"/>
  <testcase name="decreaseRemainingSpot" classname="com.yourcompany.app.model.PostingTest" time="0.001"/>
</testsuite>